Performing C SOURCE FILE Test CMAKE_HAVE_LIBC_PTHREAD failed with the following output:
Change Dir: /home/lucas/Continuum/FiniteElements/build/CMakeFiles/CMakeTmp

Run Build Command(s):/usr/bin/make -f Makefile cmTC_3a43b/fast && /usr/bin/make  -f CMakeFiles/cmTC_3a43b.dir/build.make CMakeFiles/cmTC_3a43b.dir/build
make[1]: Entering directory '/home/lucas/Continuum/FiniteElements/build/CMakeFiles/CMakeTmp'
Building C object CMakeFiles/cmTC_3a43b.dir/src.c.o
/usr/bin/cc -DCMAKE_HAVE_LIBC_PTHREAD   -o CMakeFiles/cmTC_3a43b.dir/src.c.o -c /home/lucas/Continuum/FiniteElements/build/CMakeFiles/CMakeTmp/src.c
Linking C executable cmTC_3a43b
/usr/local/bin/cmake -E cmake_link_script CMakeFiles/cmTC_3a43b.dir/link.txt --verbose=1
/usr/bin/cc -rdynamic CMakeFiles/cmTC_3a43b.dir/src.c.o -o cmTC_3a43b 
CMakeFiles/cmTC_3a43b.dir/src.c.o: In function `main':
src.c:(.text+0x3e): undefined reference to `pthread_create'
src.c:(.text+0x4a): undefined reference to `pthread_detach'
src.c:(.text+0x56): undefined reference to `pthread_cancel'
src.c:(.text+0x67): undefined reference to `pthread_join'
src.c:(.text+0x7b): undefined reference to `pthread_atfork'
collect2: error: ld returned 1 exit status
CMakeFiles/cmTC_3a43b.dir/build.make:98: recipe for target 'cmTC_3a43b' failed
make[1]: *** [cmTC_3a43b] Error 1
make[1]: Leaving directory '/home/lucas/Continuum/FiniteElements/build/CMakeFiles/CMakeTmp'
Makefile:127: recipe for target 'cmTC_3a43b/fast' failed
make: *** [cmTC_3a43b/fast] Error 2


Source file was:
#include <pthread.h>

static void* test_func(void* data)
{
  return data;
}

int main(void)
{
  pthread_t thread;
  pthread_create(&thread, NULL, test_func, NULL);
  pthread_detach(thread);
  pthread_cancel(thread);
  pthread_join(thread, NULL);
  pthread_atfork(NULL, NULL, NULL);
  pthread_exit(NULL);

  return 0;
}

Determining if the function pthread_create exists in the pthreads failed with the following output:
Change Dir: /home/lucas/Continuum/FiniteElements/build/CMakeFiles/CMakeTmp

Run Build Command(s):/usr/bin/make -f Makefile cmTC_29c5c/fast && /usr/bin/make  -f CMakeFiles/cmTC_29c5c.dir/build.make CMakeFiles/cmTC_29c5c.dir/build
make[1]: Entering directory '/home/lucas/Continuum/FiniteElements/build/CMakeFiles/CMakeTmp'
Building C object CMakeFiles/cmTC_29c5c.dir/CheckFunctionExists.c.o
/usr/bin/cc   -DCHECK_FUNCTION_EXISTS=pthread_create -o CMakeFiles/cmTC_29c5c.dir/CheckFunctionExists.c.o -c /usr/local/share/cmake-3.20/Modules/CheckFunctionExists.c
Linking C executable cmTC_29c5c
/usr/local/bin/cmake -E cmake_link_script CMakeFiles/cmTC_29c5c.dir/link.txt --verbose=1
/usr/bin/cc  -DCHECK_FUNCTION_EXISTS=pthread_create -rdynamic CMakeFiles/cmTC_29c5c.dir/CheckFunctionExists.c.o -o cmTC_29c5c  -lpthreads 
/usr/bin/ld: cannot find -lpthreads
collect2: error: ld returned 1 exit status
CMakeFiles/cmTC_29c5c.dir/build.make:98: recipe for target 'cmTC_29c5c' failed
make[1]: *** [cmTC_29c5c] Error 1
make[1]: Leaving directory '/home/lucas/Continuum/FiniteElements/build/CMakeFiles/CMakeTmp'
Makefile:127: recipe for target 'cmTC_29c5c/fast' failed
make: *** [cmTC_29c5c/fast] Error 2



