\BOOKMARK [0][-]{section*.1}{Contents}{}% 1
\BOOKMARK [0][-]{chapter.1}{Continuum mechanics}{}% 2
\BOOKMARK [1][-]{section.1.1}{Introduction}{chapter.1}% 3
\BOOKMARK [1][-]{section.1.2}{Transport}{chapter.1}% 4
\BOOKMARK [2][-]{subsection.1.2.1}{Continuity equations and conservation laws}{section.1.2}% 5
\BOOKMARK [2][-]{subsection.1.2.2}{The Reynolds transport theorem}{section.1.2}% 6
\BOOKMARK [2][-]{subsection.1.2.3}{Incompressible and compressible transport}{section.1.2}% 7
\BOOKMARK [2][-]{subsection.1.2.4}{Transport of vector and tensor quantities}{section.1.2}% 8
\BOOKMARK [1][-]{section.1.3}{The kinematics of the continuum}{chapter.1}% 9
\BOOKMARK [2][-]{subsection.1.3.1}{Position maps}{section.1.3}% 10
\BOOKMARK [2][-]{subsection.1.3.2}{Velocity}{section.1.3}% 11
\BOOKMARK [2][-]{subsection.1.3.3}{The deformation and velocity gradients}{section.1.3}% 12
\BOOKMARK [2][-]{subsection.1.3.4}{Material points and material derivatives}{section.1.3}% 13
\BOOKMARK [1][-]{section.1.4}{The dynamics of the continuum}{chapter.1}% 14
\BOOKMARK [2][-]{subsection.1.4.1}{Conservation of mass}{section.1.4}% 15
\BOOKMARK [2][-]{subsection.1.4.2}{Conservation of linear momentum}{section.1.4}% 16
\BOOKMARK [2][-]{subsection.1.4.3}{Constitutive relations}{section.1.4}% 17
\BOOKMARK [0][-]{chapter.2}{The Navier-Stokes equations}{}% 18
\BOOKMARK [1][-]{section.2.1}{Introduction}{chapter.2}% 19
\BOOKMARK [1][-]{section.2.2}{The equations of fluid motion}{chapter.2}% 20
\BOOKMARK [2][-]{subsection.2.2.1}{Conservation of angular momentum}{section.2.2}% 21
\BOOKMARK [2][-]{subsection.2.2.2}{Conservation of energy}{section.2.2}% 22
\BOOKMARK [1][-]{section.2.3}{Scaling and dimension}{chapter.2}% 23
\BOOKMARK [2][-]{subsection.2.3.1}{The Reynolds number}{section.2.3}% 24
\BOOKMARK [1][-]{section.2.4}{Stokes flow and the meaning of pressure}{chapter.2}% 25
\BOOKMARK [2][-]{subsection.2.4.1}{Application to hydrostatics}{section.2.4}% 26
\BOOKMARK [0][-]{chapter.3}{Two Galerkin methods for Poisson's equation}{}% 27
\BOOKMARK [1][-]{section.3.1}{Introduction}{chapter.3}% 28
\BOOKMARK [1][-]{section.3.2}{The equation to solve: Poisson's equation}{chapter.3}% 29
\BOOKMARK [1][-]{section.3.3}{Discretizing Poisson's equation by finite volumes}{chapter.3}% 30
\BOOKMARK [2][-]{subsection.3.3.1}{The Dirichlet boundary condition and the test space}{section.3.3}% 31
\BOOKMARK [2][-]{subsection.3.3.2}{Forming a linear system}{section.3.3}% 32
\BOOKMARK [2][-]{subsection.3.3.3}{A piecewise linear finite volume triangulation scheme}{section.3.3}% 33
\BOOKMARK [2][-]{subsection.3.3.4}{Computing the linear system by closed form integration}{section.3.3}% 34
\BOOKMARK [2][-]{subsection.3.3.5}{The resulting matrix assembly algorithm}{section.3.3}% 35
\BOOKMARK [2][-]{subsection.3.3.6}{The resulting finite volume algorithm}{section.3.3}% 36
\BOOKMARK [2][-]{subsection.3.3.7}{An implementation in C++}{section.3.3}% 37
\BOOKMARK [2][-]{subsection.3.3.8}{Validating the method}{section.3.3}% 38
\BOOKMARK [1][-]{section.3.4}{From finite volumes to general Galerkin methods}{chapter.3}% 39
\BOOKMARK [2][-]{subsection.3.4.1}{Generalising the flux integrals by combining equations}{section.3.4}% 40
\BOOKMARK [2][-]{subsection.3.4.2}{The weak form of Poisson's equation}{section.3.4}% 41
\BOOKMARK [2][-]{subsection.3.4.3}{General Galerkin methods for Poisson's equation}{section.3.4}% 42
\BOOKMARK [1][-]{section.3.5}{Discretizing Poisson's equation by finite elements}{chapter.3}% 43
\BOOKMARK [2][-]{subsection.3.5.1}{Forming a linear system}{section.3.5}% 44
\BOOKMARK [2][-]{subsection.3.5.2}{A piecewise linear finite element triangulation scheme}{section.3.5}% 45
\BOOKMARK [2][-]{subsection.3.5.3}{A piecewise quadratic finite element triangulation scheme}{section.3.5}% 46
\BOOKMARK [2][-]{subsection.3.5.4}{Computing the linear system for the piecewise quadratic scheme}{section.3.5}% 47
\BOOKMARK [2][-]{subsection.3.5.5}{The resulting matrix assembly algorithm}{section.3.5}% 48
\BOOKMARK [2][-]{subsection.3.5.6}{The resulting finite element algorithm}{section.3.5}% 49
\BOOKMARK [2][-]{subsection.3.5.7}{Validation and results}{section.3.5}% 50
\BOOKMARK [0][-]{chapter.4}{Solving the Stokes equations with the finite element method}{}% 51
\BOOKMARK [1][-]{section.4.1}{Introduction}{chapter.4}% 52
\BOOKMARK [2][-]{subsection.4.1.1}{The lid-driven cavity flow problem}{section.4.1}% 53
\BOOKMARK [2][-]{subsection.4.1.2}{The weak form of the steady Stokes equations}{section.4.1}% 54
\BOOKMARK [2][-]{subsection.4.1.3}{Taylor-Hood mixed finite elements for the Stokes problem}{section.4.1}% 55
\BOOKMARK [0][-]{chapter.5}{A semi-Lagrangian mixed finite element method for the incompressible Navier-Stokes equations}{}% 56
\BOOKMARK [1][-]{section.5.1}{Extending the Stokes method}{chapter.5}% 57
\BOOKMARK [2][-]{subsection.5.1.1}{A splitting method with semi-Lagrangian advection}{section.5.1}% 58
\BOOKMARK [1][-]{section.5.2}{Results}{chapter.5}% 59
\BOOKMARK [0][-]{section*.62}{Bibliography}{}% 60
